Using pre-set license
Built from '2020.3/staging' branch; Version is '2020.3.11f1 (99c7afb366b3) revision 10078127'; Using compiler version '192528614'; Build Type 'Release'
OS: 'Windows 10 Pro; OS build 22000.856; Version 2009; 64bit' Language: 'en' Physical Memory: 16197 MB
BatchMode: 1, IsHumanControllingUs: 0, StartBugReporterOnCrash: 0, Is64bit: 1, IsPro: 0

 COMMAND LINE ARGUMENTS:
C:\Program Files\Unity\Hub\Editor\2020.3.11f1\Editor\Unity.exe
-adb2
-batchMode
-noUpm
-name
AssetImportWorker0
-projectPath
D:/SIS_ASTROS/Unity/AnyaQuase/AnyaSimulation
-logFile
Logs/AssetImportWorker0.log
-srvPort
50017
Successfully changed project path to: D:/SIS_ASTROS/Unity/AnyaQuase/AnyaSimulation
D:/SIS_ASTROS/Unity/AnyaQuase/AnyaSimulation
Using Asset Import Pipeline V2.
Refreshing native plugins compatible for Editor in 42.76 ms, found 3 plugins.
Preloading 0 native plugins for Editor in 0.00 ms.
Initialize engine version: 2020.3.11f1 (99c7afb366b3)
[Subsystems] Discovering subsystems at path C:/Program Files/Unity/Hub/Editor/2020.3.11f1/Editor/Data/Resources/UnitySubsystems
[Subsystems] Discovering subsystems at path D:/SIS_ASTROS/Unity/AnyaQuase/AnyaSimulation/Assets
GfxDevice: creating device client; threaded=0
Direct3D:
    Version:  Direct3D 11.0 [level 11.1]
    Renderer: NVIDIA GeForce GTX 1650 (ID=0x1f82)
    Vendor:   
    VRAM:     3962 MB
    Driver:   30.0.15.1179
Initialize mono
Mono path[0] = 'C:/Program Files/Unity/Hub/Editor/2020.3.11f1/Editor/Data/Managed'
Mono path[1] = 'C:/Program Files/Unity/Hub/Editor/2020.3.11f1/Editor/Data/MonoBleedingEdge/lib/mono/unityjit'
Mono config path = 'C:/Program Files/Unity/Hub/Editor/2020.3.11f1/Editor/Data/MonoBleedingEdge/etc'
Using monoOptions --debugger-agent=transport=dt_socket,embedding=1,server=y,suspend=n,address=127.0.0.1:56440
Begin MonoManager ReloadAssembly
Registering precompiled unity dll's ...
Register platform support module: C:/Program Files/Unity/Hub/Editor/2020.3.11f1/Editor/Data/PlaybackEngines/WindowsStandaloneSupport/UnityEditor.WindowsStandalone.Extensions.dll
Registered in 0.006487 seconds.
Native extension for WindowsStandalone target not found
Refreshing native plugins compatible for Editor in 41.74 ms, found 3 plugins.
Preloading 0 native plugins for Editor in 0.00 ms.
Mono: successfully reloaded assembly
- Completed reload, in  1.379 seconds
Platform modules already initialized, skipping
Registering precompiled user dll's ...
Registered in 0.003748 seconds.
Begin MonoManager ReloadAssembly
Symbol file LoadedFromMemory doesn't match image D:\SIS_ASTROS\Unity\AnyaQuase\AnyaSimulation\Library\PackageCache\com.unity.visualscripting@1.7.6\Editor\VisualScripting.Core\Dependencies\YamlDotNet\Unity.VisualScripting.YamlDotNet.dll
Symbol file LoadedFromMemory doesn't match image D:\SIS_ASTROS\Unity\AnyaQuase\AnyaSimulation\Library\PackageCache\com.unity.visualscripting@1.7.6\Editor\VisualScripting.Core\Dependencies\DotNetZip\Unity.VisualScripting.IonicZip.dll
Native extension for WindowsStandalone target not found
Refreshing native plugins compatible for Editor in 0.30 ms, found 3 plugins.
Preloading 0 native plugins for Editor in 0.00 ms.
Mono: successfully reloaded assembly
- Completed reload, in  0.777 seconds
Platform modules already initialized, skipping
========================================================================
Worker process is ready to serve import requests
Launched and connected shader compiler UnityShaderCompiler.exe after 0.03 seconds
Refreshing native plugins compatible for Editor in 0.31 ms, found 3 plugins.
Preloading 0 native plugins for Editor in 0.00 ms.
Unloading 3172 Unused Serialized files (Serialized files now loaded: 0)
System memory in use before: 110.7 MB.
System memory in use after: 110.9 MB.

Unloading 20 unused Assets to reduce memory usage. Loaded Objects now: 3605.
Total: 1.383200 ms (FindLiveObjects: 0.179000 ms CreateObjectMapping: 0.075700 ms MarkObjects: 1.080700 ms  DeleteObjects: 0.047000 ms)

========================================================================
Received Import Request.
  path: Assets/Scripts/Heuristics
  artifactKey: Guid(ac29316bb6d91b64880a322b46eb49f4) Importer(815301076,1909f56bfc062723c751e8b465ee728b)
Start importing Assets/Scripts/Heuristics using Guid(ac29316bb6d91b64880a322b46eb49f4) Importer(815301076,1909f56bfc062723c751e8b465ee728b)  -> (artifact id: '3f3c917c725d0ce3b3b87de4e7289185') in 0.021017 seconds
  Import took 0.038242 seconds .

========================================================================
Received Import Request.
  Time since last request: 0.000158 seconds.
  path: Assets/Scripts
  artifactKey: Guid(0df9a18fee854f64cb25d34d0a53d1b0) Importer(815301076,1909f56bfc062723c751e8b465ee728b)
Start importing Assets/Scripts using Guid(0df9a18fee854f64cb25d34d0a53d1b0) Importer(815301076,1909f56bfc062723c751e8b465ee728b)  -> (artifact id: '1d1129a0e9240f7cac1b5624424003a7') in 0.015075 seconds
  Import took 0.030881 seconds .

========================================================================
Received Import Request.
  Time since last request: 0.000219 seconds.
  path: Assets/Scripts/GridStructure
  artifactKey: Guid(11d63bfb158aff74eaad3500c35d3fa0) Importer(815301076,1909f56bfc062723c751e8b465ee728b)
Start importing Assets/Scripts/GridStructure using Guid(11d63bfb158aff74eaad3500c35d3fa0) Importer(815301076,1909f56bfc062723c751e8b465ee728b)  -> (artifact id: '6d33f76f440d56843cbea26863efafe1') in 0.014991 seconds
  Import took 0.018460 seconds .

========================================================================
Received Import Request.
  Time since last request: 0.000135 seconds.
  path: Assets/Scripts/NodeStructure
  artifactKey: Guid(b17eb71a8c88eee46b37db90749c68f7) Importer(815301076,1909f56bfc062723c751e8b465ee728b)
Start importing Assets/Scripts/NodeStructure using Guid(b17eb71a8c88eee46b37db90749c68f7) Importer(815301076,1909f56bfc062723c751e8b465ee728b)  -> (artifact id: '837e1321422e96ea4ceaf4eec8b2fcab') in 0.004649 seconds
  Import took 0.007728 seconds .

========================================================================
Received Import Request.
  Time since last request: 2.079813 seconds.
  path: Assets/Scripts/AnyaSearch
  artifactKey: Guid(c981579ba13358d42bc0968b72c5be8a) Importer(815301076,1909f56bfc062723c751e8b465ee728b)
Start importing Assets/Scripts/AnyaSearch using Guid(c981579ba13358d42bc0968b72c5be8a) Importer(815301076,1909f56bfc062723c751e8b465ee728b)  -> (artifact id: '081d172a91ee34bb5c32596b8ee558b8') in 0.016516 seconds
  Import took 0.019447 seconds .

========================================================================
Received Import Request.
  Time since last request: 1.934437 seconds.
  path: Assets/Scripts/AnyaSearch/SearchNodes
  artifactKey: Guid(aa57be31aeaf6b743bcb6d7d264a72a3) Importer(815301076,1909f56bfc062723c751e8b465ee728b)
Start importing Assets/Scripts/AnyaSearch/SearchNodes using Guid(aa57be31aeaf6b743bcb6d7d264a72a3) Importer(815301076,1909f56bfc062723c751e8b465ee728b)  -> (artifact id: '100f47e50b6d9bf40f6a5231f008eeb7') in 0.004332 seconds
  Import took 0.025320 seconds .

========================================================================
Received Import Request.
  Time since last request: 758.199932 seconds.
  path: Assets/Scripts/GridStructure/GridGraph.cs
  artifactKey: Guid(205ee30c4cad866488781e8776adf7e3) Importer(815301076,1909f56bfc062723c751e8b465ee728b)
Start importing Assets/Scripts/GridStructure/GridGraph.cs using Guid(205ee30c4cad866488781e8776adf7e3) Importer(815301076,1909f56bfc062723c751e8b465ee728b)  -> (artifact id: '6903d26e071a83249c130edd7f25832e') in 0.047982 seconds
  Import took 0.051734 seconds .

========================================================================
Received Prepare
Registering precompiled user dll's ...
Registered in 0.004148 seconds.
Begin MonoManager ReloadAssembly
Symbol file LoadedFromMemory doesn't match image D:\SIS_ASTROS\Unity\AnyaQuase\AnyaSimulation\Library\PackageCache\com.unity.visualscripting@1.7.6\Editor\VisualScripting.Core\Dependencies\YamlDotNet\Unity.VisualScripting.YamlDotNet.dll
Symbol file LoadedFromMemory doesn't match image D:\SIS_ASTROS\Unity\AnyaQuase\AnyaSimulation\Library\PackageCache\com.unity.visualscripting@1.7.6\Editor\VisualScripting.Core\Dependencies\DotNetZip\Unity.VisualScripting.IonicZip.dll
Native extension for WindowsStandalone target not found
Refreshing native plugins compatible for Editor in 0.43 ms, found 3 plugins.
Preloading 0 native plugins for Editor in 0.00 ms.
Mono: successfully reloaded assembly
- Completed reload, in  0.845 seconds
Platform modules already initialized, skipping
Refreshing native plugins compatible for Editor in 0.40 ms, found 3 plugins.
Preloading 0 native plugins for Editor in 0.00 ms.
Unloading 3165 Unused Serialized files (Serialized files now loaded: 0)
System memory in use before: 110.5 MB.
System memory in use after: 110.8 MB.

Unloading 15 unused Assets to reduce memory usage. Loaded Objects now: 3608.
Total: 1.621400 ms (FindLiveObjects: 0.196100 ms CreateObjectMapping: 0.069300 ms MarkObjects: 1.335500 ms  DeleteObjects: 0.019800 ms)

========================================================================
Received Prepare
Registering precompiled user dll's ...
Registered in 0.004596 seconds.
Begin MonoManager ReloadAssembly
Symbol file LoadedFromMemory doesn't match image D:\SIS_ASTROS\Unity\AnyaQuase\AnyaSimulation\Library\PackageCache\com.unity.visualscripting@1.7.6\Editor\VisualScripting.Core\Dependencies\YamlDotNet\Unity.VisualScripting.YamlDotNet.dll
Symbol file LoadedFromMemory doesn't match image D:\SIS_ASTROS\Unity\AnyaQuase\AnyaSimulation\Library\PackageCache\com.unity.visualscripting@1.7.6\Editor\VisualScripting.Core\Dependencies\DotNetZip\Unity.VisualScripting.IonicZip.dll
Native extension for WindowsStandalone target not found
Refreshing native plugins compatible for Editor in 0.32 ms, found 3 plugins.
Preloading 0 native plugins for Editor in 0.00 ms.
Mono: successfully reloaded assembly
- Completed reload, in  0.803 seconds
Platform modules already initialized, skipping
Refreshing native plugins compatible for Editor in 0.33 ms, found 3 plugins.
Preloading 0 native plugins for Editor in 0.00 ms.
Unloading 3165 Unused Serialized files (Serialized files now loaded: 0)
System memory in use before: 110.6 MB.
System memory in use after: 110.8 MB.

Unloading 15 unused Assets to reduce memory usage. Loaded Objects now: 3611.
Total: 1.191800 ms (FindLiveObjects: 0.156100 ms CreateObjectMapping: 0.046100 ms MarkObjects: 0.974300 ms  DeleteObjects: 0.014600 ms)

AssetImportWorkerClient::OnTransportError - code=2 error=End of file
